[0.226s] DEBUG:colcon:Command line arguments: ['/usr/bin/colcon', 'build', '--symlink-install']
[0.226s] DEBUG:colcon:Parsed command line arguments: Namespace(allow_overriding=[], ament_cmake_args=None, base_paths=['.'], build_base='build', catkin_cmake_args=None, catkin_skip_building_tests=False, cmake_args=None, cmake_clean_cache=False, cmake_clean_first=False, cmake_force_configure=False, cmake_target=None, cmake_target_skip_unavailable=False, continue_on_error=False, event_handlers=None, executor='parallel', ignore_user_meta=False, install_base='install', log_base=None, log_level=None, main=<bound method BuildVerb.main of <colcon_core.verb.build.BuildVerb object at 0x7f67a6c212e0>>, merge_install=False, metas=['./colcon.meta'], mixin=None, mixin_files=None, mixin_verb=('build',), packages_above=None, packages_above_and_dependencies=None, packages_above_depth=None, packages_end=None, packages_ignore=None, packages_ignore_regex=None, packages_select=None, packages_select_build_failed=False, packages_select_by_dep=None, packages_select_regex=None, packages_select_test_failures=False, packages_skip=None, packages_skip_build_finished=False, packages_skip_by_dep=None, packages_skip_regex=None, packages_skip_test_passed=False, packages_skip_up_to=None, packages_start=None, packages_up_to=None, packages_up_to_regex=None, parallel_workers=8, paths=None, symlink_install=True, test_result_base=None, verb_extension=<colcon_core.verb.build.BuildVerb object at 0x7f67a6c212e0>, verb_name='build', verb_parser=<colcon_mixin.mixin.mixin_argument.MixinArgumentDecorator object at 0x7f67a6c21a00>)
[0.386s] Level 1:colcon.colcon_core.package_discovery:discover_packages(colcon_meta) check parameters
[0.386s] Level 1:colcon.colcon_core.package_discovery:discover_packages(recursive) check parameters
[0.386s] Level 1:colcon.colcon_core.package_discovery:discover_packages(ignore) check parameters
[0.386s] Level 1:colcon.colcon_core.package_discovery:discover_packages(path) check parameters
[0.386s] Level 1:colcon.colcon_core.package_discovery:discover_packages(colcon_meta) discover
[0.386s] Level 1:colcon.colcon_core.package_discovery:discover_packages(recursive) discover
[0.386s] INFO:colcon.colcon_core.package_discovery:Crawling recursively for packages in '/home/sh/ros2_ws/src/xyz_yut_vision'
[0.386s] Level 1:colcon.colcon_core.package_identification:_identify(.) by extensions ['ignore', 'ignore_ament_install']
[0.386s] Level 1:colcon.colcon_core.package_identification:_identify(.) by extension 'ignore'
[0.386s] Level 1:colcon.colcon_core.package_identification:_identify(.) by extension 'ignore_ament_install'
[0.386s] Level 1:colcon.colcon_core.package_identification:_identify(.) by extensions ['colcon_pkg']
[0.386s] Level 1:colcon.colcon_core.package_identification:_identify(.) by extension 'colcon_pkg'
[0.386s] Level 1:colcon.colcon_core.package_identification:_identify(.) by extensions ['colcon_meta']
[0.386s] Level 1:colcon.colcon_core.package_identification:_identify(.) by extension 'colcon_meta'
[0.386s] Level 1:colcon.colcon_core.package_identification:_identify(.) by extensions ['ros']
[0.386s] Level 1:colcon.colcon_core.package_identification:_identify(.) by extension 'ros'
[0.396s] DEBUG:colcon.colcon_core.package_identification:Package '.' with type 'ros.ament_cmake' and name 'xyz_yut_vision'
[0.396s] Level 1:colcon.colcon_core.package_discovery:discover_packages(recursive) using defaults
[0.396s] Level 1:colcon.colcon_core.package_discovery:discover_packages(ignore) discover
[0.396s] Level 1:colcon.colcon_core.package_discovery:discover_packages(ignore) using defaults
[0.396s] Level 1:colcon.colcon_core.package_discovery:discover_packages(path) discover
[0.396s] Level 1:colcon.colcon_core.package_discovery:discover_packages(path) using defaults
[0.425s] Level 1:colcon.colcon_core.package_discovery:discover_packages(prefix_path) check parameters
[0.425s] Level 1:colcon.colcon_core.package_discovery:discover_packages(prefix_path) discover
[0.436s] DEBUG:colcon.colcon_installed_package_information.package_discovery:Found 345 installed packages in /home/sh/ros2_humble/install
[0.437s] DEBUG:colcon.colcon_installed_package_information.package_discovery:Found 1 installed packages in /home/sh/ros2_humble/install/orocos_kdl_vendor
[0.437s] DEBUG:colcon.colcon_installed_package_information.package_discovery:Found 1 installed packages in /opt/ros/noetic
[0.437s] Level 1:colcon.colcon_core.package_discovery:discover_packages(prefix_path) using defaults
[0.455s] Level 5:colcon.colcon_core.verb:set package 'xyz_yut_vision' build argument 'cmake_args' from command line to 'None'
[0.455s] Level 5:colcon.colcon_core.verb:set package 'xyz_yut_vision' build argument 'cmake_target' from command line to 'None'
[0.455s] Level 5:colcon.colcon_core.verb:set package 'xyz_yut_vision' build argument 'cmake_target_skip_unavailable' from command line to 'False'
[0.455s] Level 5:colcon.colcon_core.verb:set package 'xyz_yut_vision' build argument 'cmake_clean_cache' from command line to 'False'
[0.455s] Level 5:colcon.colcon_core.verb:set package 'xyz_yut_vision' build argument 'cmake_clean_first' from command line to 'False'
[0.455s] Level 5:colcon.colcon_core.verb:set package 'xyz_yut_vision' build argument 'cmake_force_configure' from command line to 'False'
[0.455s] Level 5:colcon.colcon_core.verb:set package 'xyz_yut_vision' build argument 'ament_cmake_args' from command line to 'None'
[0.455s] Level 5:colcon.colcon_core.verb:set package 'xyz_yut_vision' build argument 'catkin_cmake_args' from command line to 'None'
[0.455s] Level 5:colcon.colcon_core.verb:set package 'xyz_yut_vision' build argument 'catkin_skip_building_tests' from command line to 'False'
[0.455s] DEBUG:colcon.colcon_core.verb:Building package 'xyz_yut_vision' with the following arguments: {'ament_cmake_args': None, 'build_base': '/home/sh/ros2_ws/src/xyz_yut_vision/build/xyz_yut_vision', 'catkin_cmake_args': None, 'catkin_skip_building_tests': False, 'cmake_args': None, 'cmake_clean_cache': False, 'cmake_clean_first': False, 'cmake_force_configure': False, 'cmake_target': None, 'cmake_target_skip_unavailable': False, 'install_base': '/home/sh/ros2_ws/src/xyz_yut_vision/install/xyz_yut_vision', 'merge_install': False, 'path': '/home/sh/ros2_ws/src/xyz_yut_vision', 'symlink_install': True, 'test_result_base': None}
[0.455s] INFO:colcon.colcon_core.executor:Executing jobs using 'parallel' executor
[0.456s] DEBUG:colcon.colcon_parallel_executor.executor.parallel:run_until_complete
[0.456s] INFO:colcon.colcon_ros.task.ament_cmake.build:Building ROS package in '/home/sh/ros2_ws/src/xyz_yut_vision' with build type 'ament_cmake'
[0.457s] INFO:colcon.colcon_cmake.task.cmake.build:Building CMake package in '/home/sh/ros2_ws/src/xyz_yut_vision'
[0.460s] INFO:colcon.colcon_core.plugin_system:Skipping extension 'colcon_core.shell.bat': Not used on non-Windows systems
[0.460s] INFO:colcon.colcon_core.shell:Skip shell extension 'powershell' for command environment: Not usable outside of PowerShell
[0.460s] DEBUG:colcon.colcon_core.shell:Skip shell extension 'dsv' for command environment
[0.471s] DEBUG:colcon.colcon_core.shell:Ignoring prefix path '/home/sh/catkin_ws/devel'
[0.483s] DEBUG:colcon.colcon_core.event_handler.log_command:Invoking command in '/home/sh/ros2_ws/src/xyz_yut_vision/build/xyz_yut_vision': CMAKE_PREFIX_PATH=/home/sh/ros2_humble/install/rqt_bag_plugins:/home/sh/ros2_humble/install/rqt_bag:/home/sh/ros2_humble/install/launch_testing_examples:/home/sh/ros2_humble/install/ros2bag:/home/sh/ros2_humble/install/tracetools_test:/home/sh/ros2_humble/install/tracetools_launch:/home/sh/ros2_humble/install/topic_monitor:/home/sh/ros2_humble/install/tf2_tools:/home/sh/ros2_humble/install/examples_tf2_py:/home/sh/ros2_humble/install/tf2_ros_py:/home/sh/ros2_humble/install/sros2:/home/sh/ros2_humble/install/rqt_topic:/home/sh/ros2_humble/install/rqt_srv:/home/sh/ros2_humble/install/rqt_shell:/home/sh/ros2_humble/install/rqt_service_caller:/home/sh/ros2_humble/install/rqt_reconfigure:/home/sh/ros2_humble/install/rqt_py_console:/home/sh/ros2_humble/install/rqt_publisher:/home/sh/ros2_humble/install/rqt_plot:/home/sh/ros2_humble/install/rqt_action:/home/sh/ros2_humble/install/rqt_msg:/home/sh/ros2_humble/install/rqt_console:/home/sh/ros2_humble/install/rqt:/home/sh/ros2_humble/install/rqt_graph:/home/sh/ros2_humble/install/rqt_gui_py:/home/sh/ros2_humble/install/rqt_gui:/home/sh/ros2_humble/install/ros2trace:/home/sh/ros2_humble/install/ros2topic:/home/sh/ros2_humble/install/ros2test:/home/sh/ros2_humble/install/ros2component:/home/sh/ros2_humble/install/ros2param:/home/sh/ros2_humble/install/ros2lifecycle:/home/sh/ros2_humble/install/ros2service:/home/sh/ros2_humble/install/ros2run:/home/sh/ros2_humble/install/ros2launch:/home/sh/ros2_humble/install/ros2pkg:/home/sh/ros2_humble/install/ros2node:/home/sh/ros2_humble/install/ros2multicast:/home/sh/ros2_humble/install/ros2interface:/home/sh/ros2_humble/install/ros2doctor:/home/sh/ros2_humble/install/ros2action:/home/sh/ros2_humble/install/ros2cli:/home/sh/ros2_humble/install/quality_of_service_demo_py:/home/sh/ros2_humble/install/lifecycle_py:/home/sh/ros2_humble/install/launch_testing_ros:/home/sh/ros2_humble/install/launch_ros:/home/sh/ros2_humble/install/examples_rclpy_pointcloud_publisher:/home/sh/ros2_humble/install/examples_rclpy_minimal_subscriber:/home/sh/ros2_humble/install/examples_rclpy_minimal_service:/home/sh/ros2_humble/install/examples_rclpy_minimal_publisher:/home/sh/ros2_humble/install/examples_rclpy_minimal_client:/home/sh/ros2_humble/install/examples_rclpy_minimal_action_server:/home/sh/ros2_humble/install/examples_rclpy_minimal_action_client:/home/sh/ros2_humble/install/examples_rclpy_guard_conditions:/home/sh/ros2_humble/install/examples_rclpy_executors:/home/sh/ros2_humble/install/demo_nodes_py:/home/sh/ros2_humble/install/action_tutorials_py:/home/sh/ros2_humble/install/ament_uncrustify:/home/sh/ros2_humble/install/tracetools_trace:/home/sh/ros2_humble/install/tracetools_read:/home/sh/ros2_humble/install/test_tracetools_launch:/home/sh/ros2_humble/install/test_launch_ros:/home/sh/ros2_humble/install/sensor_msgs_py:/home/sh/ros2_humble/install/rpyutils:/home/sh/ros2_humble/install/rosidl_runtime_py:/home/sh/ros2_humble/install/rosidl_cli:/home/sh/ros2_humble/install/launch_pytest:/home/sh/ros2_humble/install/launch_testing:/home/sh/ros2_humble/install/launch_yaml:/home/sh/ros2_humble/install/launch_xml:/home/sh/ros2_humble/install/launch:/home/sh/ros2_humble/install/osrf_pycommon:/home/sh/ros2_humble/install/domain_coordinator:/home/sh/ros2_humble/install/ament_xmllint:/home/sh/ros2_humble/install/ament_pyflakes:/home/sh/ros2_humble/install/ament_pycodestyle:/home/sh/ros2_humble/install/ament_pep257:/home/sh/ros2_humble/install/ament_pclint:/home/sh/ros2_humble/install/ament_package:/home/sh/ros2_humble/install/ament_mypy:/home/sh/ros2_humble/install/ament_lint_cmake:/home/sh/ros2_humble/install/ament_flake8:/home/sh/ros2_humble/install/ament_copyright:/home/sh/ros2_humble/install/ament_lint:/home/sh/ros2_humble/install/ament_index_python:/home/sh/ros2_humble/install/ament_cpplint:/home/sh/ros2_humble/install/ament_cppcheck:/home/sh/ros2_humble/install/ament_clang_tidy:/home/sh/ros2_humble/install/ament_clang_format:${CMAKE_PREFIX_PATH} /usr/bin/cmake /home/sh/ros2_ws/src/xyz_yut_vision -DAMENT_CMAKE_SYMLINK_INSTALL=1 -DCMAKE_INSTALL_PREFIX=/home/sh/ros2_ws/src/xyz_yut_vision/install/xyz_yut_vision
[2.584s] DEBUG:colcon.colcon_core.event_handler.log_command:Invoked command in '/home/sh/ros2_ws/src/xyz_yut_vision/build/xyz_yut_vision' returned '1': CMAKE_PREFIX_PATH=/home/sh/ros2_humble/install/rqt_bag_plugins:/home/sh/ros2_humble/install/rqt_bag:/home/sh/ros2_humble/install/launch_testing_examples:/home/sh/ros2_humble/install/ros2bag:/home/sh/ros2_humble/install/tracetools_test:/home/sh/ros2_humble/install/tracetools_launch:/home/sh/ros2_humble/install/topic_monitor:/home/sh/ros2_humble/install/tf2_tools:/home/sh/ros2_humble/install/examples_tf2_py:/home/sh/ros2_humble/install/tf2_ros_py:/home/sh/ros2_humble/install/sros2:/home/sh/ros2_humble/install/rqt_topic:/home/sh/ros2_humble/install/rqt_srv:/home/sh/ros2_humble/install/rqt_shell:/home/sh/ros2_humble/install/rqt_service_caller:/home/sh/ros2_humble/install/rqt_reconfigure:/home/sh/ros2_humble/install/rqt_py_console:/home/sh/ros2_humble/install/rqt_publisher:/home/sh/ros2_humble/install/rqt_plot:/home/sh/ros2_humble/install/rqt_action:/home/sh/ros2_humble/install/rqt_msg:/home/sh/ros2_humble/install/rqt_console:/home/sh/ros2_humble/install/rqt:/home/sh/ros2_humble/install/rqt_graph:/home/sh/ros2_humble/install/rqt_gui_py:/home/sh/ros2_humble/install/rqt_gui:/home/sh/ros2_humble/install/ros2trace:/home/sh/ros2_humble/install/ros2topic:/home/sh/ros2_humble/install/ros2test:/home/sh/ros2_humble/install/ros2component:/home/sh/ros2_humble/install/ros2param:/home/sh/ros2_humble/install/ros2lifecycle:/home/sh/ros2_humble/install/ros2service:/home/sh/ros2_humble/install/ros2run:/home/sh/ros2_humble/install/ros2launch:/home/sh/ros2_humble/install/ros2pkg:/home/sh/ros2_humble/install/ros2node:/home/sh/ros2_humble/install/ros2multicast:/home/sh/ros2_humble/install/ros2interface:/home/sh/ros2_humble/install/ros2doctor:/home/sh/ros2_humble/install/ros2action:/home/sh/ros2_humble/install/ros2cli:/home/sh/ros2_humble/install/quality_of_service_demo_py:/home/sh/ros2_humble/install/lifecycle_py:/home/sh/ros2_humble/install/launch_testing_ros:/home/sh/ros2_humble/install/launch_ros:/home/sh/ros2_humble/install/examples_rclpy_pointcloud_publisher:/home/sh/ros2_humble/install/examples_rclpy_minimal_subscriber:/home/sh/ros2_humble/install/examples_rclpy_minimal_service:/home/sh/ros2_humble/install/examples_rclpy_minimal_publisher:/home/sh/ros2_humble/install/examples_rclpy_minimal_client:/home/sh/ros2_humble/install/examples_rclpy_minimal_action_server:/home/sh/ros2_humble/install/examples_rclpy_minimal_action_client:/home/sh/ros2_humble/install/examples_rclpy_guard_conditions:/home/sh/ros2_humble/install/examples_rclpy_executors:/home/sh/ros2_humble/install/demo_nodes_py:/home/sh/ros2_humble/install/action_tutorials_py:/home/sh/ros2_humble/install/ament_uncrustify:/home/sh/ros2_humble/install/tracetools_trace:/home/sh/ros2_humble/install/tracetools_read:/home/sh/ros2_humble/install/test_tracetools_launch:/home/sh/ros2_humble/install/test_launch_ros:/home/sh/ros2_humble/install/sensor_msgs_py:/home/sh/ros2_humble/install/rpyutils:/home/sh/ros2_humble/install/rosidl_runtime_py:/home/sh/ros2_humble/install/rosidl_cli:/home/sh/ros2_humble/install/launch_pytest:/home/sh/ros2_humble/install/launch_testing:/home/sh/ros2_humble/install/launch_yaml:/home/sh/ros2_humble/install/launch_xml:/home/sh/ros2_humble/install/launch:/home/sh/ros2_humble/install/osrf_pycommon:/home/sh/ros2_humble/install/domain_coordinator:/home/sh/ros2_humble/install/ament_xmllint:/home/sh/ros2_humble/install/ament_pyflakes:/home/sh/ros2_humble/install/ament_pycodestyle:/home/sh/ros2_humble/install/ament_pep257:/home/sh/ros2_humble/install/ament_pclint:/home/sh/ros2_humble/install/ament_package:/home/sh/ros2_humble/install/ament_mypy:/home/sh/ros2_humble/install/ament_lint_cmake:/home/sh/ros2_humble/install/ament_flake8:/home/sh/ros2_humble/install/ament_copyright:/home/sh/ros2_humble/install/ament_lint:/home/sh/ros2_humble/install/ament_index_python:/home/sh/ros2_humble/install/ament_cpplint:/home/sh/ros2_humble/install/ament_cppcheck:/home/sh/ros2_humble/install/ament_clang_tidy:/home/sh/ros2_humble/install/ament_clang_format:${CMAKE_PREFIX_PATH} /usr/bin/cmake /home/sh/ros2_ws/src/xyz_yut_vision -DAMENT_CMAKE_SYMLINK_INSTALL=1 -DCMAKE_INSTALL_PREFIX=/home/sh/ros2_ws/src/xyz_yut_vision/install/xyz_yut_vision
[2.602s] Level 1:colcon.colcon_core.environment:create_environment_scripts_only(xyz_yut_vision)
[2.607s] Level 1:colcon.colcon_core.environment:checking '/home/sh/ros2_ws/src/xyz_yut_vision/install/xyz_yut_vision' for CMake module files
[2.607s] Level 1:colcon.colcon_core.environment:checking '/home/sh/ros2_ws/src/xyz_yut_vision/install/xyz_yut_vision' for CMake config files
[2.608s] Level 1:colcon.colcon_core.environment:checking '/home/sh/ros2_ws/src/xyz_yut_vision/install/xyz_yut_vision/bin'
[2.608s] Level 1:colcon.colcon_core.environment:checking '/home/sh/ros2_ws/src/xyz_yut_vision/install/xyz_yut_vision/lib/pkgconfig/xyz_yut_vision.pc'
[2.608s] Level 1:colcon.colcon_core.environment:checking '/home/sh/ros2_ws/src/xyz_yut_vision/install/xyz_yut_vision/lib/python3.8/site-packages'
[2.608s] Level 1:colcon.colcon_core.environment:checking '/home/sh/ros2_ws/src/xyz_yut_vision/install/xyz_yut_vision/bin'
[2.608s] INFO:colcon.colcon_core.shell:Creating package script '/home/sh/ros2_ws/src/xyz_yut_vision/install/xyz_yut_vision/share/xyz_yut_vision/package.ps1'
[2.609s] INFO:colcon.colcon_core.shell:Creating package descriptor '/home/sh/ros2_ws/src/xyz_yut_vision/install/xyz_yut_vision/share/xyz_yut_vision/package.dsv'
[2.609s] INFO:colcon.colcon_core.shell:Creating package script '/home/sh/ros2_ws/src/xyz_yut_vision/install/xyz_yut_vision/share/xyz_yut_vision/package.sh'
[2.609s] INFO:colcon.colcon_core.shell:Creating package script '/home/sh/ros2_ws/src/xyz_yut_vision/install/xyz_yut_vision/share/xyz_yut_vision/package.bash'
[2.610s] INFO:colcon.colcon_core.shell:Creating package script '/home/sh/ros2_ws/src/xyz_yut_vision/install/xyz_yut_vision/share/xyz_yut_vision/package.zsh'
[2.610s] Level 1:colcon.colcon_core.environment:create_file_with_runtime_dependencies(/home/sh/ros2_ws/src/xyz_yut_vision/install/xyz_yut_vision/share/colcon-core/packages/xyz_yut_vision)
[2.620s] DEBUG:colcon.colcon_parallel_executor.executor.parallel:closing loop
[2.621s] DEBUG:colcon.colcon_parallel_executor.executor.parallel:loop closed
[2.621s] DEBUG:colcon.colcon_parallel_executor.executor.parallel:run_until_complete finished with '1'
[2.621s] DEBUG:colcon.colcon_core.event_reactor:joining thread
[2.630s] INFO:colcon.colcon_core.plugin_system:Skipping extension 'colcon_notification.desktop_notification.terminal_notifier': Not used on non-Darwin systems
[2.630s] INFO:colcon.colcon_core.plugin_system:Skipping extension 'colcon_notification.desktop_notification.win32': Not used on non-Windows systems
[2.630s] INFO:colcon.colcon_notification.desktop_notification:Sending desktop notification using 'notify2'
[2.639s] DEBUG:colcon.colcon_core.event_reactor:joined thread
[2.640s] INFO:colcon.colcon_core.shell:Creating prefix script '/home/sh/ros2_ws/src/xyz_yut_vision/install/local_setup.ps1'
[2.640s] INFO:colcon.colcon_core.shell:Creating prefix util module '/home/sh/ros2_ws/src/xyz_yut_vision/install/_local_setup_util_ps1.py'
[2.641s] INFO:colcon.colcon_core.shell:Creating prefix chain script '/home/sh/ros2_ws/src/xyz_yut_vision/install/setup.ps1'
[2.648s] INFO:colcon.colcon_core.shell:Creating prefix script '/home/sh/ros2_ws/src/xyz_yut_vision/install/local_setup.sh'
[2.648s] INFO:colcon.colcon_core.shell:Creating prefix util module '/home/sh/ros2_ws/src/xyz_yut_vision/install/_local_setup_util_sh.py'
[2.649s] INFO:colcon.colcon_core.shell:Creating prefix chain script '/home/sh/ros2_ws/src/xyz_yut_vision/install/setup.sh'
[2.655s] INFO:colcon.colcon_core.shell:Creating prefix script '/home/sh/ros2_ws/src/xyz_yut_vision/install/local_setup.bash'
[2.656s] INFO:colcon.colcon_core.shell:Creating prefix chain script '/home/sh/ros2_ws/src/xyz_yut_vision/install/setup.bash'
[2.663s] INFO:colcon.colcon_core.shell:Creating prefix script '/home/sh/ros2_ws/src/xyz_yut_vision/install/local_setup.zsh'
[2.663s] INFO:colcon.colcon_core.shell:Creating prefix chain script '/home/sh/ros2_ws/src/xyz_yut_vision/install/setup.zsh'
