-- The C compiler identification is GNU 9.4.0
-- The CXX compiler identification is GNU 9.4.0
-- Check for working C compiler: /usr/bin/cc
-- Check for working C compiler: /usr/bin/cc -- works
-- Detecting C compiler ABI info
-- Detecting C compiler ABI info - done
-- Detecting C compile features
-- Detecting C compile features - done
-- Check for working CXX compiler: /usr/bin/c++
-- Check for working CXX compiler: /usr/bin/c++ -- works
-- Detecting CXX compiler ABI info
-- Detecting CXX compiler ABI info - done
-- Detecting CXX compile features
-- Detecting CXX compile features - done
-- Found ament_cmake: 1.3.10 (/home/sh/ros2_humble/install/ament_cmake/share/ament_cmake/cmake)
-- Found Python3: /usr/bin/python3 (found version "3.8.10") found components: Interpreter 
-- Override CMake install command with custom implementation using symlinks instead of copying resources
-- Found rclcpp: 16.0.10 (/home/sh/ros2_humble/install/rclcpp/share/rclcpp/cmake)
-- Found rosidl_generator_c: 3.1.5 (/home/sh/ros2_humble/install/rosidl_generator_c/share/rosidl_generator_c/cmake)
-- Found rosidl_adapter: 3.1.5 (/home/sh/ros2_humble/install/rosidl_adapter/share/rosidl_adapter/cmake)
-- Found rosidl_generator_cpp: 3.1.5 (/home/sh/ros2_humble/install/rosidl_generator_cpp/share/rosidl_generator_cpp/cmake)
-- Using all available rosidl_typesupport_c: rosidl_typesupport_introspection_c;rosidl_typesupport_fastrtps_c
-- Using all available rosidl_typesupport_cpp: rosidl_typesupport_introspection_cpp;rosidl_typesupport_fastrtps_cpp
-- Found rmw_implementation_cmake: 6.1.2 (/home/sh/ros2_humble/install/rmw_implementation_cmake/share/rmw_implementation_cmake/cmake)
-- Found rmw_fastrtps_cpp: 6.2.7 (/home/sh/ros2_humble/install/rmw_fastrtps_cpp/share/rmw_fastrtps_cpp/cmake)
-- Found OpenSSL: /usr/lib/x86_64-linux-gnu/libcrypto.so (found version "1.1.1f")  
-- Found FastRTPS: /home/sh/ros2_humble/install/fastrtps/include  
-- Using RMW implementation 'rmw_fastrtps_cpp' as default
-- Looking for pthread.h
-- Looking for pthread.h - found
-- Performing Test CMAKE_HAVE_LIBC_PTHREAD
-- Performing Test CMAKE_HAVE_LIBC_PTHREAD - Failed
-- Looking for pthread_create in pthreads
-- Looking for pthread_create in pthreads - not found
-- Looking for pthread_create in pthread
-- Looking for pthread_create in pthread - found
-- Found Threads: TRUE  
-- Found OpenCV: /usr/local (found suitable version "4.5.2", minimum required is "4.2") 
-- Configuring done
CMake Error at CMakeLists.txt:20 (add_executable):
  Target "yut_vision_master" links to target
  "rosgraph_msgs::rosgraph_msgs__rosidl_generator_c" but the target was not
  found.  Perhaps a find_package() call is missing for an IMPORTED target, or
  an ALIAS target is missing?


CMake Error at CMakeLists.txt:20 (add_executable):
  Target "yut_vision_master" links to target
  "rosgraph_msgs::rosgraph_msgs__rosidl_typesupport_fastrtps_c" but the
  target was not found.  Perhaps a find_package() call is missing for an
  IMPORTED target, or an ALIAS target is missing?


CMake Error at CMakeLists.txt:20 (add_executable):
  Target "yut_vision_master" links to target
  "rosgraph_msgs::rosgraph_msgs__rosidl_generator_cpp" but the target was not
  found.  Perhaps a find_package() call is missing for an IMPORTED target, or
  an ALIAS target is missing?


CMake Error at CMakeLists.txt:20 (add_executable):
  Target "yut_vision_master" links to target
  "rosgraph_msgs::rosgraph_msgs__rosidl_typesupport_fastrtps_cpp" but the
  target was not found.  Perhaps a find_package() call is missing for an
  IMPORTED target, or an ALIAS target is missing?


CMake Error at CMakeLists.txt:20 (add_executable):
  Target "yut_vision_master" links to target
  "rosgraph_msgs::rosgraph_msgs__rosidl_typesupport_introspection_c" but the
  target was not found.  Perhaps a find_package() call is missing for an
  IMPORTED target, or an ALIAS target is missing?


CMake Error at CMakeLists.txt:20 (add_executable):
  Target "yut_vision_master" links to target
  "rosgraph_msgs::rosgraph_msgs__rosidl_typesupport_c" but the target was not
  found.  Perhaps a find_package() call is missing for an IMPORTED target, or
  an ALIAS target is missing?


CMake Error at CMakeLists.txt:20 (add_executable):
  Target "yut_vision_master" links to target
  "rosgraph_msgs::rosgraph_msgs__rosidl_typesupport_introspection_cpp" but
  the target was not found.  Perhaps a find_package() call is missing for an
  IMPORTED target, or an ALIAS target is missing?


CMake Error at CMakeLists.txt:20 (add_executable):
  Target "yut_vision_master" links to target
  "rosgraph_msgs::rosgraph_msgs__rosidl_typesupport_cpp" but the target was
  not found.  Perhaps a find_package() call is missing for an IMPORTED
  target, or an ALIAS target is missing?


CMake Error at CMakeLists.txt:20 (add_executable):
  Target "yut_vision_master" links to target
  "rosgraph_msgs::rosgraph_msgs__rosidl_generator_py" but the target was not
  found.  Perhaps a find_package() call is missing for an IMPORTED target, or
  an ALIAS target is missing?


-- Generating done
CMake Generate step failed.  Build files cannot be regenerated correctly.
